2022-05-26 06:39:27,474 [INFO] GUI started.
2022-05-26 06:44:15,627 [INFO] GUI started.
2022-05-26 06:44:21,476 [INFO] Scraper starting. NAME: Ratings CSV - Scheduled: Hourly
2022-05-26 06:44:32,554 [INFO] Scraper terminated. NAME: Ratings CSV
2022-05-26 06:45:22,280 [INFO] GUI started.
2022-05-26 06:45:24,954 [INFO] Scraper starting. NAME: Ratings CSV - Scheduled: Hourly
2022-05-26 06:45:37,021 [INFO] Scraper terminated. NAME: Ratings CSV
2022-05-26 06:47:33,620 [INFO] GUI started.
2022-05-26 06:47:36,255 [INFO] Scraper starting. NAME: Ratings CSV - Scheduled: Hourly
2022-05-26 06:49:08,974 [INFO] Scraper starting. NAME: Tennis Match - Scheduled: Hourly
2022-05-26 06:53:08,160 [INFO] GUI started.
2022-05-26 06:54:27,572 [INFO] GUI started.
2022-05-26 06:55:13,722 [INFO] GUI started.
2022-05-26 06:55:19,629 [INFO] GUI started.
2022-05-26 06:55:22,456 [INFO] Scraper starting. NAME: Tennis Match - Scheduled: Hourly
2022-05-26 06:55:29,511 [INFO] Scraper terminated. NAME: Tennis Match
2022-05-26 06:55:38,551 [INFO] GUI started.
2022-05-26 06:55:41,565 [INFO] Scraper starting. NAME: Tennis Match - Scheduled: Hourly
2022-05-26 06:56:07,730 [INFO] Scraper terminated. NAME: Tennis Match
2022-05-26 07:08:34,200 [INFO] GUI started.
2022-05-26 07:14:29,279 [INFO] GUI started.
2022-05-26 07:14:33,245 [INFO] Scraper schedule changed: ID: 2, SCHEDULE: 4 Hours
2022-05-26 07:14:35,142 [INFO] Scraper schedule changed: ID: 2, SCHEDULE: Daily
2022-05-26 07:14:37,474 [INFO] Scraper schedule changed: ID: 2, SCHEDULE: Continuous
2022-05-26 07:14:41,532 [INFO] GUI started.
2022-05-26 07:15:08,004 [INFO] GUI started.
2022-05-26 07:16:54,101 [INFO] GUI started.
2022-05-26 07:17:34,092 [INFO] GUI started.
2022-05-26 07:18:13,086 [INFO] GUI started.
2022-05-26 07:18:22,512 [INFO] Added a new scraper: NAME: TEST123, PATH: awd
2022-05-26 07:24:20,345 [INFO] GUI started.
2022-05-26 07:24:24,751 [INFO] Scraper starting. NAME: Tennis Match - Scheduled: Continuous
2022-05-26 07:24:45,893 [INFO] Scraper terminated. NAME: Tennis Match
2022-05-26 07:25:36,833 [INFO] GUI started.
2022-05-26 07:25:40,127 [INFO] Scraper starting. NAME: Tennis Match - Scheduled: Continuous
2022-05-26 07:26:30,520 [INFO] Scraper terminated. NAME: Tennis Match
2022-05-26 07:26:50,749 [INFO] Scraper starting. NAME: Tennis Match - Scheduled: Continuous
2022-05-26 07:28:52,602 [INFO] Scraper terminated. NAME: Tennis Match
2022-05-26 08:05:50,323 [INFO] Scraper starting. NAME: Ratings CSV - Scheduled: Hourly
2022-05-26 08:05:54,344 [INFO] Scraper terminated. NAME: Ratings CSV
2022-05-26 08:05:56,162 [INFO] Scraper starting. NAME: Tennis Match - Scheduled: Continuous
2022-05-26 08:06:16,299 [INFO] Scraper terminated. NAME: Tennis Match
2022-05-26 08:06:38,622 [INFO] GUI started.
2022-05-26 08:06:45,210 [INFO] Scraper starting. NAME: Tennis Match - Scheduled: Continuous
2022-05-26 08:06:57,342 [INFO] Scraper terminated. NAME: Tennis Match
2022-05-26 08:06:59,979 [INFO] Scraper starting. NAME: Tennis Match - Scheduled: Continuous
2022-05-26 08:08:12,890 [INFO] Scraper terminated. NAME: Tennis Match
2022-05-26 08:13:09,133 [INFO] GUI started.
2022-05-26 08:13:14,046 [INFO] Scraper starting. NAME: Tennis Match - Scheduled: Hourly
2022-05-26 08:13:17,080 [INFO] Scraper terminated. NAME: Tennis Match
2022-05-26 08:13:18,915 [INFO] Scraper schedule changed: ID: 2, SCHEDULE: 4 Hours
2022-05-26 08:13:20,123 [INFO] Scraper schedule changed: ID: 2, SCHEDULE: Daily
2022-05-26 08:13:22,567 [INFO] Scraper schedule changed: ID: 2, SCHEDULE: Continuous
2022-05-26 08:13:24,092 [INFO] Scraper starting. NAME: Tennis Match - Scheduled: Continuous
2022-05-26 08:16:01,755 [INFO] GUI started.
2022-05-26 08:16:13,620 [INFO] GUI started.
2022-05-26 08:16:19,453 [INFO] GUI started.
2022-05-26 08:16:35,203 [INFO] GUI started.
2022-05-26 08:16:48,038 [INFO] GUI started.
2022-05-26 08:16:53,004 [INFO] Scraper starting. NAME: Tennis Match - Scheduled: Continuous
2022-05-26 08:19:18,779 [INFO] GUI started.
2022-05-26 08:19:37,082 [INFO] GUI started.
2022-05-26 08:19:43,016 [INFO] Scraper starting. NAME: Tennis Match - Scheduled: Continuous
2022-05-26 08:21:00,778 [INFO] Scraper starting. NAME: Tennis Match - Scheduled: Continuous
2022-05-26 08:22:29,543 [INFO] Scraper terminated. NAME: Tennis Match
2022-05-26 08:28:38,305 [INFO] GUI started.
2022-05-26 08:28:41,632 [INFO] Scraper starting. NAME: Tennis Match - Scheduled: Continuous
2022-05-26 08:29:42,148 [INFO] Scraper starting. NAME: Tennis Match - Scheduled: Continuous
2022-05-26 08:29:51,244 [INFO] Scraper terminated. NAME: Tennis Match
2022-05-26 08:30:23,094 [INFO] GUI started.
2022-05-26 08:30:28,771 [INFO] Scraper starting. NAME: Tennis Match - Scheduled: Continuous
2022-05-26 08:31:29,219 [INFO] Scraper starting. NAME: Tennis Match - Scheduled: Continuous
2022-05-26 08:32:29,718 [INFO] Scraper starting. NAME: Tennis Match - Scheduled: Continuous
2022-05-26 08:33:30,275 [INFO] Scraper starting. NAME: Tennis Match - Scheduled: Continuous
2022-05-26 08:33:51,559 [INFO] Scraper terminated. NAME: Tennis Match
2022-05-26 08:34:03,200 [INFO] Scraper starting. NAME: Ratings CSV - Scheduled: Hourly
2022-05-26 08:34:30,425 [INFO] Scraper starting. NAME: Tennis Match - Scheduled: Continuous
2022-05-26 08:35:30,950 [INFO] Scraper starting. NAME: Tennis Match - Scheduled: Continuous
2022-05-26 08:36:14,259 [INFO] Scraper terminated. NAME: Ratings CSV
2022-05-26 08:38:01,894 [INFO] GUI started.
2022-05-26 08:39:42,460 [INFO] GUI started.
2022-05-26 08:39:45,711 [INFO] Scraper starting. NAME: Tennis Match - Scheduled: Continuous
2022-05-26 08:40:45,831 [INFO] Scraper starting. NAME: Tennis Match - Scheduled: Continuous
2022-05-26 08:41:19,928 [INFO] Scraper terminated. NAME: Tennis Match
2022-05-26 08:43:17,268 [INFO] Scraper starting. NAME: Ratings CSV - Scheduled: Hourly
2022-05-26 08:43:53,488 [INFO] Scraper starting. NAME: Tennis Match - Scheduled: Continuous
2022-05-26 08:44:17,793 [INFO] Scraper starting. NAME: Tennis Match - Scheduled: Continuous
2022-05-26 08:44:54,247 [INFO] Scraper starting. NAME: Tennis Match - Scheduled: Continuous
2022-05-26 08:45:18,586 [INFO] Scraper starting. NAME: Tennis Match - Scheduled: Continuous
2022-05-26 08:45:18,633 [INFO] Scraper starting. NAME: Tennis Match - Scheduled: Continuous
2022-05-26 08:45:55,241 [INFO] Scraper starting. NAME: Tennis Match - Scheduled: Continuous
2022-05-26 08:45:55,318 [INFO] Scraper starting. NAME: Tennis Match - Scheduled: Continuous
2022-05-26 08:46:17,671 [INFO] Scraper terminated. NAME: Tennis Match
2022-05-26 08:47:31,126 [INFO] Scraper terminated. NAME: Ratings CSV
2022-05-26 08:54:46,905 [INFO] GUI started.
2022-05-26 08:54:54,699 [INFO] Scraper starting. NAME: Tennis Match - Scheduled: Continuous
2022-05-26 08:55:58,058 [INFO] GUI started.
2022-05-26 08:56:01,217 [INFO] Scraper starting. NAME: Tennis Match - Scheduled: Continuous
2022-05-26 08:57:54,825 [INFO] GUI started.
2022-05-26 08:57:58,686 [INFO] Scraper starting. NAME: Tennis Match - Scheduled: Continuous
2022-05-26 08:58:59,271 [INFO] Scraper starting. NAME: Tennis Match - Scheduled: Continuous
2022-05-26 08:59:34,547 [INFO] Scraper terminated. NAME: Tennis Match
2022-05-26 09:02:26,335 [INFO] Scraper starting. NAME: Ratings CSV - Scheduled: Hourly
2022-05-26 09:02:56,608 [INFO] Scraper terminated. NAME: Ratings CSV
2022-05-26 09:03:11,597 [INFO] Scraper starting. NAME: Tennis Match - Scheduled: Continuous
2022-05-26 09:03:26,718 [INFO] Scraper starting. NAME: Tennis Match - Scheduled: Continuous
2022-05-26 09:03:37,821 [INFO] Scraper terminated. NAME: Tennis Match
